###############################################################################
#
# IAR C/C++ Compiler V7.21.1.1000/W32 for MSP430          17/Oct/2022  10:13:22
# Copyright 1996-2021 IAR Systems AB.
# PC-locked license - IAR Embedded Workbench for MSP430, 8K KickStart Edition 7.21
#
#    __rt_version  =  3
#    __double_size =  32
#    __reg_r4      =  free
#    __reg_r5      =  free
#    __pic         =  no
#    __core        =  430X
#    __data_model  =  small
#    __code_model  =  large
#    Source file   =  
#        C:\Users\Ibrahim
#        Moghul\OneDrive\Documents\Programming\LaserController\Code\main.c
#    Command line  =  
#        -f C:\Users\IBRAHI~1\AppData\Local\Temp\EW87CF.tmp ("C:\Users\Ibrahim
#        Moghul\OneDrive\Documents\Programming\LaserController\Code\main.c" -lC
#        "C:\Users\Ibrahim
#        Moghul\OneDrive\Documents\Programming\LaserController\Code\Debug\List"
#        -o "C:\Users\Ibrahim
#        Moghul\OneDrive\Documents\Programming\LaserController\Code\Debug\Obj"
#        --no_cse --no_unroll --no_inline --no_code_motion --no_tbaa --debug
#        -D__MSP430FR2355__ -e --double=32 --dlib_config "C:\Program Files
#        (x86)\IAR Systems\Embedded Workbench 8.5\430\lib\dlib\dl430xlsfn.h" -I
#        ./ --core=430X --data_model=small -On --multiplier=32
#        --hw_workaround=CPU40 --code_model=large)
#    Locale        =  English_USA.1252
#    List file     =  
#        C:\Users\Ibrahim
#        Moghul\OneDrive\Documents\Programming\LaserController\Code\Debug\List\main.lst
#    Object file   =  
#        C:\Users\Ibrahim
#        Moghul\OneDrive\Documents\Programming\LaserController\Code\Debug\Obj\main.r43
#
###############################################################################

C:\Users\Ibrahim Moghul\OneDrive\Documents\Programming\LaserController\Code\main.c
      1          #include "msp430.h"

   \                                 In  segment DATA16_AN, at 0x130
   \   union <unnamed> _A_PM5CTL0_L
   \                     _A_PM5CTL0_L:
   \   000000                DS8 2

   \                                 In  segment DATA16_AN, at 0x454
   \   union <unnamed> _A_TB3CCR1_L
   \                     _A_TB3CCR1_L:
   \   000000                DS8 2

   \                                 In  segment DATA16_AN, at 0x456
   \   union <unnamed> _A_TB3CCR2_L
   \                     _A_TB3CCR2_L:
   \   000000                DS8 2

   \                                 In  segment DATA16_AN, at 0x458
   \   union <unnamed> _A_TB3CCR3_L
   \                     _A_TB3CCR3_L:
   \   000000                DS8 2

   \                                 In  segment DATA16_AN, at 0x45a
   \   union <unnamed> _A_TB3CCR4_L
   \                     _A_TB3CCR4_L:
   \   000000                DS8 2
      2          #include "functions.h"
      3          #include "motor.h"
      4          #include "ports.h"
      5          #include "timers.h"
      6          #include "serial.h"
      7          /**
      8           * main.c
      9           */
     10          
     11          extern volatile unsigned char pulseTrainSent;
     12          

   \                                 In  segment CODE, align 2
     13          int main(void)
   \                     main:
     14          {
     15              PM5CTL0 &= ~LOCKLPM5;
   \   000000   92C33001     BIC.W   #0x1, &0x130
     16              Init_Ports();
   \   000004   ........     CALLA   #Init_Ports
     17              Init_Clocks();
   \   000008   ........     CALLA   #Init_Clocks
     18              enable_interrupts();
   \   00000C   ........     CALLA   #enable_interrupts
     19              
     20              Init_Serial_UCA();
   \   000010   ........     CALLA   #Init_Serial_UCA
     21              Init_Timers();
   \   000014   ........     CALLA   #Init_Timers
     22              
     23              
     24          //    sendPulseTrain();
     25          //    while(!pulseTrainSent);
     26          //    pulseTrainSent = 1;
     27              
     28              while(1){
     29                if(MOTOR1_P>0 && MOTOR1_N>0)
   \                     ??main_0:
   \   000018   82935404     CMP.W   #0x0, &0x454
   \   00001C   0824         JEQ     ??main_1
   \   00001E   82935604     CMP.W   #0x0, &0x456
   \   000022   0524         JEQ     ??main_1
     30                  MOTOR1_P=MOTOR1_N=0;
   \   000024   0F43         MOV.W   #0x0, R15
   \   000026   824F5604     MOV.W   R15, &0x456
   \   00002A   824F5404     MOV.W   R15, &0x454
     31                if(MOTOR2_P>0 && MOTOR2_N>0)
   \                     ??main_1:
   \   00002E   82935804     CMP.W   #0x0, &0x458
   \   000032   0824         JEQ     ??main_2
   \   000034   82935A04     CMP.W   #0x0, &0x45a
   \   000038   0524         JEQ     ??main_2
     32                  MOTOR2_P=MOTOR2_N=0;
   \   00003A   0F43         MOV.W   #0x0, R15
   \   00003C   824F5A04     MOV.W   R15, &0x45a
   \   000040   824F5804     MOV.W   R15, &0x458
     33                SerialProcess();
   \                     ??main_2:
   \   000044   ........     CALLA   #SerialProcess
   \   000048   E73F         JMP     ??main_0
   \   00004A   0343         NOP
   \   00004C                REQUIRE _A_PM5CTL0_L
   \   00004C                REQUIRE _A_TB3CCR1_L
   \   00004C                REQUIRE _A_TB3CCR2_L
   \   00004C                REQUIRE _A_TB3CCR3_L
   \   00004C                REQUIRE _A_TB3CCR4_L
     34              }
     35              return 0;
                     ^
Warning[Pe111]: statement is unreachable
     36          }

   Maximum stack usage in bytes:

   CSTACK Function
   ------ --------
      4   main
        4   -> Init_Clocks
        4   -> Init_Ports
        4   -> Init_Serial_UCA
        4   -> Init_Timers
        4   -> SerialProcess
        4   -> enable_interrupts


   Segment part sizes:

   Bytes  Function/Label
   -----  --------------
       2  _A_PM5CTL0_L
       2  _A_TB3CCR1_L
       2  _A_TB3CCR2_L
       2  _A_TB3CCR3_L
       2  _A_TB3CCR4_L
      76  main

 
 76 bytes in segment CODE
 10 bytes in segment DATA16_AN
 
 76 bytes of CODE memory
  0 bytes of DATA memory (+ 10 bytes shared)

Errors: none
Warnings: 1
