2023-04-06 10:05:02,138 : 
	Executed following command: ?RC0
	Got back nothing because serial port is not connected yet
2023-04-06 10:07:30,019 : 
	Executed following command: ?CH0
	Got back Err54
2023-04-06 10:07:31,619 : 
	Executed following command: ?CH0
	Got back Err54
2023-04-06 10:07:34,502 : 
	Executed following command: ?CH1
	Got back 7.50E-11
2023-04-06 10:07:37,377 : 
	Executed following command: ?GA0
	Got back Err54
2023-04-06 10:07:39,938 : 
	Executed following command: ?GA1
	Got back Err81
2023-04-06 10:07:43,460 : 
	Executed following command: ?GA2
	Got back 7.37E+01
2023-04-06 10:08:00,726 : 
	Executed following command: ?US
	Got back 3
2023-04-06 10:08:03,926 : 
	Executed following command: ?US
	Got back 3
2023-04-06 10:08:05,854 : 
	Executed following command: ?TH
	Got back 7.42E+06
2023-04-06 10:08:13,212 : 
	Executed following command: ?TL
	Got back 7.42E+06
2023-04-06 10:08:15,127 : 
	Executed following command: ?VL0
	Got back Err54
2023-04-06 10:08:15,448 : 
	Executed following command: ?VL0
	Got back Err54
2023-04-06 10:08:16,726 : 
	Executed following command: ?VL0
	Got back Err54
2023-04-06 10:08:21,208 : 
	Executed following command: ?VL1
	Got back -0.164
2023-04-06 10:08:24,406 : 
	Executed following command: ?VL2
	Got back 09.443
2023-04-06 10:08:26,643 : 
	Executed following command: ?VL3
	Got back Err54
2023-04-06 10:08:30,804 : 
	Executed following command: ?VL1
	Got back -0.160
2023-04-06 10:08:35,280 : 
	Executed following command: ?VLhi
	Got back Err53
2023-04-06 10:08:37,839 : 
	Executed following command: ?VLh
	Got back Err54
2023-04-06 10:08:41,679 : 
	Executed following command: ?VL1
	Got back -0.162
2023-04-06 10:09:06,947 : 
	Executed following command: ?RC1
	Got back Err54
2023-04-06 10:09:07,906 : 
	Executed following command: ?RC1
	Got back Err54
2023-04-06 10:09:08,226 : 
	Executed following command: ?RC1
	Got back Err54
2023-04-06 10:09:10,461 : 
	Executed following command: ?RC2
	Got back 1
2023-04-06 10:09:13,985 : 
	Executed following command: ?RC3
	Got back Err54
2023-04-06 10:09:16,858 : 
	Executed following command: ?RC2
	Got back 1
2023-04-06 10:09:21,017 : 
	Executed following command: ?GV1
	Got back 00
2023-04-06 10:09:22,938 : 
	Executed following command: ?GV2
	Got back 20
2023-04-06 10:09:25,178 : 
	Executed following command: ?GV3
	Got back Err54
2023-04-06 10:09:28,695 : 
	Executed following command: ?GV2
	Got back 20
2023-04-06 10:22:24,359 : 
	Executed following command: ?CH0
	Got back Err54
